<?xml version="1.0" encoding="UTF-8"?>
<!-- Generated by org.testng.reporters.JUnitReportReporter -->
<testsuite ignored="0" hostname="Krishnas-MacBook-Air.local" failures="0" tests="1" name="test.HomePageTest" time="1.455" errors="0" timestamp="15 Nov 2022 21:16:26 GMT" skipped="0">
  <testcase classname="test.HomePageTest" name="testHomePage" time="1.455"/>
</testsuite> <!-- test.HomePageTest -->
