<?xml version="1.0" encoding="UTF-8"?>
<!-- Generated by org.testng.reporters.JUnitReportReporter -->
<testsuite ignored="0" hostname="Krishnas-Air.lan" failures="0" tests="1" name="test.BaseTest" time="0.007" errors="0" timestamp="06 Sep 2022 21:42:16 GMT" skipped="0">
  <testcase classname="test.BaseTest" name="test" time="0.007"/>
</testsuite> <!-- test.BaseTest -->
