<?xml version="1.0" encoding="UTF-8"?>
<!-- Generated by org.testng.reporters.JUnitReportReporter -->
<testsuite ignored="3" hostname="Krishnas-Air" failures="0" tests="1" name="test.LogInPageTest" time="2.312" errors="0" timestamp="08 Sep 2022 04:54:30 GMT" skipped="0">
  <testcase classname="test.LogInPageTest" name="testLogInPage" time="2.312"/>
  <testcase classname="test.BaseTest" name="setUp">
    <skipped/>
  </testcase> <!-- setUp -->
  <testcase classname="test.BaseTest" name="setUp">
    <skipped/>
  </testcase> <!-- setUp -->
  <testcase classname="test.BaseTest" name="setUp">
    <skipped/>
  </testcase> <!-- setUp -->
</testsuite> <!-- test.LogInPageTest -->
