<?xml version="1.0" encoding="UTF-8"?>
<!-- Generated by org.testng.reporters.JUnitReportReporter -->
<testsuite ignored="0" hostname="Krishnas-Air" failures="0" tests="1" name="test.ListPageTest" time="12.317" errors="0" timestamp="20 Dec 2022 04:55:49 GMT" skipped="0">
  <testcase classname="test.ListPageTest" name="TestListPage" time="12.317"/>
</testsuite> <!-- test.ListPageTest -->
