<?xml version="1.0" encoding="UTF-8"?>
<!-- Generated by org.testng.reporters.JUnitReportReporter -->
<testsuite ignored="0" hostname="Krishnas-Air" failures="0" tests="1" name="test.DraftCreatePageTest" time="16.826" errors="0" timestamp="07 Nov 2022 05:06:23 GMT" skipped="0">
  <testcase classname="test.DraftCreatePageTest" name="testDraftCreatePage" time="16.826"/>
</testsuite> <!-- test.DraftCreatePageTest -->
